Build started 12/21/2017 10:28:22 PM.
     1>Project "C:\Work\Information\KBRS\Laba1\Laba1\Laba1.vcxproj" on node 2 (Build target(s)).
     1>ClCompile:
         C:\Program Files (x86)\Microsoft Visual Studio 12.0\VC\bin\CL.exe /c /ZI /nologo /W3 /WX- /Od /Oy- /D WIN32 /D _DEBUG /D _CONSOLE /D _LIB /D _UNICODE /D UNICODE /Gm /EHsc /RTC1 /MDd /GS /fp:precise /Zc:wchar_t /Zc:forScope /Fo"Debug\\" /Fd"Debug\vc120.pdb" /Gd /TP /analyze- /errorReport:prompt kasiski.cpp main.cpp
         main.cpp
     1>c:\work\information\kbrs\laba1\laba1\main.cpp(1): warning C4067: unexpected tokens following preprocessor directive - expected a newline
     1>c:\work\information\kbrs\laba1\laba1\main.cpp(2): warning C4067: unexpected tokens following preprocessor directive - expected a newline
     1>c:\work\information\kbrs\laba1\laba1\main.cpp(3): warning C4067: unexpected tokens following preprocessor directive - expected a newline
     1>c:\work\information\kbrs\laba1\laba1\main.cpp(5): warning C4067: unexpected tokens following preprocessor directive - expected a newline
     1>c:\work\information\kbrs\laba1\laba1\vigenere.h(2): warning C4067: unexpected tokens following preprocessor directive - expected a newline
     1>c:\work\information\kbrs\laba1\laba1\vigenere.h(3): warning C4067: unexpected tokens following preprocessor directive - expected a newline
     1>c:\work\information\kbrs\laba1\laba1\main.cpp(6): warning C4067: unexpected tokens following preprocessor directive - expected a newline
     1>c:\work\information\kbrs\laba1\laba1\kasiski.h(2): warning C4067: unexpected tokens following preprocessor directive - expected a newline
     1>c:\work\information\kbrs\laba1\laba1\kasiski.h(3): warning C4067: unexpected tokens following preprocessor directive - expected a newline
     1>c:\work\information\kbrs\laba1\laba1\kasiski.h(4): warning C4067: unexpected tokens following preprocessor directive - expected a newline
     1>c:\work\information\kbrs\laba1\laba1\main.cpp(23): warning C4244: '=' : conversion from 'std::streamoff' to 'long', possible loss of data
     1>c:\work\information\kbrs\laba1\laba1\main.cpp(29): warning C4996: 'strcat': This function or variable may be unsafe. Consider using strcat_s instead. To disable deprecation, use _CRT_SECURE_NO_WARNINGS. See online help for details.
                 c:\program files (x86)\microsoft visual studio 12.0\vc\include\string.h(118) : see declaration of 'strcat'
     1>c:\work\information\kbrs\laba1\laba1\main.cpp(73): warning C4244: 'argument' : conversion from 'time_t' to 'unsigned int', possible loss of data
         kasiski.cpp
     1>c:\work\information\kbrs\laba1\laba1\kasiski.cpp(1): warning C4067: unexpected tokens following preprocessor directive - expected a newline
     1>c:\work\information\kbrs\laba1\laba1\kasiski.h(2): warning C4067: unexpected tokens following preprocessor directive - expected a newline
     1>c:\work\information\kbrs\laba1\laba1\kasiski.h(3): warning C4067: unexpected tokens following preprocessor directive - expected a newline
     1>c:\work\information\kbrs\laba1\laba1\kasiski.h(4): warning C4067: unexpected tokens following preprocessor directive - expected a newline
     1>c:\work\information\kbrs\laba1\laba1\kasiski.cpp(6): warning C4067: unexpected tokens following preprocessor directive - expected a newline
     1>c:\work\information\kbrs\laba1\laba1\kasiski.cpp(51): warning C4018: '<' : signed/unsigned mismatch
     1>c:\work\information\kbrs\laba1\laba1\kasiski.cpp(70): warning C4018: '<' : signed/unsigned mismatch
     1>c:\work\information\kbrs\laba1\laba1\kasiski.cpp(71): warning C4018: '<' : signed/unsigned mismatch
         Generating Code...
       Link:
         C:\Program Files (x86)\Microsoft Visual Studio 12.0\VC\bin\link.exe /ERRORREPORT:PROMPT /OUT:"C:\Work\Information\KBRS\Laba1\Debug\Laba1.exe" /INCREMENTAL /NOLOGO kernel32.lib user32.lib gdi32.lib winspool.lib comdlg32.lib advapi32.lib shell32.lib ole32.lib oleaut32.lib uuid.lib odbc32.lib odbccp32.lib /MANIFEST /MANIFESTUAC:"level='asInvoker' uiAccess='false'" /manifest:embed /DEBUG /PDB:"C:\Work\Information\KBRS\Laba1\Debug\Laba1.pdb" /SUBSYSTEM:CONSOLE /TLBID:1 /DYNAMICBASE /NXCOMPAT /IMPLIB:"C:\Work\Information\KBRS\Laba1\Debug\Laba1.lib" /MACHINE:X86 Debug\kasiski.obj
         Debug\main.obj
         Debug\vigenere.obj
         Laba1.vcxproj -> C:\Work\Information\KBRS\Laba1\Debug\Laba1.exe
     1>Done Building Project "C:\Work\Information\KBRS\Laba1\Laba1\Laba1.vcxproj" (Build target(s)).

Build succeeded.

Time Elapsed 00:00:01.68
